<?xml version="1.0" encoding="UTF-8"?>
<!DOCTYPE suite SYSTEM "http://testng.org/testng-1.0.dtd">
<suite name="All Test Suite" verbose="1">

    <test verbose="2" preserve-order="true"
          name="Adding a product to the cart by logging in">
        <classes>
            <class name="cucumberoptions.TestNGTestRunner"/>
        </classes>
    </test>

</suite>